<?xml version="1.0" encoding="UTF-8"?>
<!-- Generated by org.testng.reporters.JUnitReportReporter -->
<testsuite hostname="THAMU" failures="0" tests="10" name="Pages.HomePage" time="284.632" errors="0" timestamp="2025-04-08T00:19:13 IST" skipped="0">
  <testcase classname="Pages.HomePage" name="AskMeOfferLinkTest" time="5.577"/>
  <system-out/>
  <testcase classname="Pages.HomePage" name="SearchBarTest" time="12.491"/>
  <system-out/>
  <testcase classname="Pages.HomePage" name="CarouselDisplayTest" time="2.620"/>
  <system-out/>
  <testcase classname="Pages.HomePage" name="SocialNavigationLinkTest" time="61.035"/>
  <system-out/>
  <testcase classname="Pages.HomePage" name="PromocodeframeTest" time="104.371"/>
  <system-out/>
  <testcase classname="Pages.HomePage" name="CouponslinkTest" time="25.749"/>
  <system-out/>
  <testcase classname="Pages.HomePage" name="FlexCliplinkTest" time="51.294"/>
  <system-out/>
  <testcase classname="Pages.HomePage" name="SearchResultPageTest" time="10.292"/>
  <system-out/>
  <testcase classname="Pages.HomePage" name="WebTableTest" time="5.850"/>
  <system-out/>
  <testcase classname="Pages.HomePage" name="TopDealsTest" time="5.353"/>
  <system-out/>
</testsuite> <!-- Pages.HomePage -->
