<?xml version="1.0" encoding="UTF-8"?>
<!-- Generated by org.testng.reporters.JUnitReportReporter -->
<testsuite hostname="THAMU" failures="0" tests="1" name="Tests.AboutUsPageTest" time="14.351" errors="0" timestamp="2025-01-30T14:25:18 IST" skipped="0">
  <testcase classname="Tests.AboutUsPageTest" name="AboutUsTest" time="14.351"/>
  <system-out/>
</testsuite> <!-- Tests.AboutUsPageTest -->
