<?xml version="1.0" encoding="UTF-8"?>
<!-- Generated by org.testng.reporters.JUnitReportReporter -->
<testsuite hostname="THAMU" failures="0" tests="1" name="Tests.TechPageTest" time="18.255" errors="0" timestamp="2025-01-30T14:25:18 IST" skipped="0">
  <testcase classname="Tests.TechPageTest" name="TechTest" time="18.255"/>
  <system-out/>
</testsuite> <!-- Tests.TechPageTest -->
