<?xml version="1.0" encoding="UTF-8"?>
<!-- Generated by org.testng.reporters.JUnitReportReporter -->
<testsuite hostname="THAMU" failures="0" tests="1" name="Tests.OurHistoryPageTest" time="14.664" errors="0" timestamp="2025-01-30T14:25:18 IST" skipped="0">
  <testcase classname="Tests.OurHistoryPageTest" name="OurHistoryTest" time="14.664"/>
  <system-out/>
</testsuite> <!-- Tests.OurHistoryPageTest -->
